This is TeX, Version 3.14159 (Web2C 7.4.5) (format=latex 2005.4.9)  16 DEC 2005 15:06
**missiontomars.tex
(./missiontomars.tex
LaTeX2e <2001/06/01>
Babel <v3.7h> and hyphenation patterns for american, french, german, ngerman, n
ohyphenation, loaded.
(/usr/share/texmf/tex/latex/base/book.cls
Document Class: book 2001/04/21 v1.4e Standard LaTeX document class
(/usr/share/texmf/tex/latex/base/bk12.clo
File: bk12.clo 2001/04/21 v1.4e Standard LaTeX file (size option)
)
\c@part=\count79
\c@chapter=\count80
\c@section=\count81
\c@subsection=\count82
\c@subsubsection=\count83
\c@paragraph=\count84
\c@subparagraph=\count85
\c@figure=\count86
\c@table=\count87
\abovecaptionskip=\skip41
\belowcaptionskip=\skip42
\bibindent=\dimen102
)
(/usr/share/texmf/tex/latex/html/url.sty
Package: url 1999/03/02  ver 1.4  Verb mode for urls, email addresses, and file
 names
)
(/usr/share/texmf/tex/latex/misc/eurosym.sty
Package: eurosym 1998/08/06 v1.1 European currency symbol ``Euro''
\@eurobox=\box26
) (./missiontomars.aux)
\openout1 = `missiontomars.aux'.

LaTeX Font Info:    Checking defaults for OML/cmm/m/it on input line 7.
LaTeX Font Info:    ... okay on input line 7.
LaTeX Font Info:    Checking defaults for T1/cmr/m/n on input line 7.
LaTeX Font Info:    ... okay on input line 7.
LaTeX Font Info:    Checking defaults for OT1/cmr/m/n on input line 7.
LaTeX Font Info:    ... okay on input line 7.
LaTeX Font Info:    Checking defaults for OMS/cmsy/m/n on input line 7.
LaTeX Font Info:    ... okay on input line 7.
LaTeX Font Info:    Checking defaults for OMX/cmex/m/n on input line 7.
LaTeX Font Info:    ... okay on input line 7.
LaTeX Font Info:    Checking defaults for U/cmr/m/n on input line 7.
LaTeX Font Info:    ... okay on input line 7.
LaTeX Font Info:    External font `cmex10' loaded for size
(Font)              <14.4> on input line 8.
LaTeX Font Info:    External font `cmex10' loaded for size
(Font)              <7> on input line 8.
 [1


]
[2

]
Chapter 1.
[3]
LaTeX Font Info:    External font `cmex10' loaded for size
(Font)              <12> on input line 98.
LaTeX Font Info:    External font `cmex10' loaded for size
(Font)              <8> on input line 98.
LaTeX Font Info:    External font `cmex10' loaded for size
(Font)              <6> on input line 98.

Underfull \vbox (badness 8113) has occurred while \output is active []

 [4]
[5]
Overfull \hbox (30.4002pt too wide) in paragraph at lines 220--255
\OT1/cmtt/m/n/12 http : / / www . niac . usra . edu / studies / study . jsp ? i
d = 510&cpnum = 00-[]01&phase =
 []


Overfull \hbox (23.7252pt too wide) in paragraph at lines 220--255
\OT1/cmtt/m/n/12 II&last = Maise&first = George&middle = &title = Exploration %
 20of % 20Jovian %
 []


Overfull \hbox (17.5502pt too wide) in paragraph at lines 220--255
\OT1/cmtt/m/n/12 20Atmosphere % 20Using % 20Nuclear % 20Ramjet % 20Flyer&organi
zation = Plus %
 []


Overfull \hbox (6.7002pt too wide) in paragraph at lines 220--255
\OT1/cmtt/m/n/12 20Ultra % 20Technologies ,[] %20Inc . &begin _ date = 2001-[]0
3-[]01 % 2000 : 00 : 00 .
 []


Underfull \hbox (badness 10000) in paragraph at lines 220--255

 []


Overfull \hbox (30.4002pt too wide) in paragraph at lines 220--255
\OT1/cmtt/m/n/12 http : / / www . niac . usra . edu / studies / study . jsp ? i
d = 424&cpnum = 99-[]03&phase =
 []


Overfull \hbox (73.62523pt too wide) in paragraph at lines 220--255
\OT1/cmtt/m/n/12 I&last = Powell&first = James&middle = &title = Development % 
20of % 20Self-[]Sustaining %
 []


Overfull \hbox (5.2002pt too wide) in paragraph at lines 220--255
\OT1/cmtt/m/n/12 20Mars % 20Colonies % 20Utilizing % 20the % 20North % 20Polar 
% 20Cap % 20and %
 []


Overfull \hbox (42.75021pt too wide) in paragraph at lines 220--255
\OT1/cmtt/m/n/12 20the % 20Martian % 20Atmosphere&organization = Plus % 20Ultra
 % 20Technologies ,[]
 []


Overfull \hbox (1.02519pt too wide) in paragraph at lines 220--255
\OT1/cmtt/m/n/12 %20Inc . &begin _ date = 2000-[]05-[]01 % 2000 : 00 : 00 . 0&e
nd _ date = 2000-[]10-[]31 %
 []


Underfull \hbox (badness 10000) in paragraph at lines 220--255

 []


Overfull \hbox (12.96529pt too wide) in paragraph at lines 220--255
\OT1/cmr/m/n/12 Vehicle and Mis-sion De-sign Op-tions for the Hu-man Ex-plo-rat
ion of Mars/Phobos 
 []


Underfull \hbox (badness 10000) in paragraph at lines 220--255

 []


Underfull \hbox (badness 10000) in paragraph at lines 220--255

 []


Underfull \hbox (badness 10000) in paragraph at lines 220--255

 []


Underfull \hbox (badness 10000) in paragraph at lines 220--255

 []


Underfull \hbox (badness 10000) in paragraph at lines 220--255

 []


Underfull \hbox (badness 10000) in paragraph at lines 220--255

 []


Underfull \hbox (badness 10000) in paragraph at lines 220--255

 []


Underfull \hbox (badness 10000) in paragraph at lines 220--255

 []


Underfull \hbox (badness 10000) in paragraph at lines 220--255

 []

[6] [7]
Underfull \hbox (badness 10000) in paragraph at lines 257--279

 []


Underfull \hbox (badness 10000) in paragraph at lines 257--279

 []


Underfull \hbox (badness 10000) in paragraph at lines 257--279

 []


Underfull \hbox (badness 10000) in paragraph at lines 257--279

 []


Underfull \hbox (badness 10000) in paragraph at lines 257--279

 []


Underfull \hbox (badness 10000) in paragraph at lines 257--279

 []


Underfull \hbox (badness 10000) in paragraph at lines 257--279

 []


Underfull \hbox (badness 10000) in paragraph at lines 257--279

 []

[8]
Underfull \hbox (badness 10000) in paragraph at lines 300--317

 []


Underfull \hbox (badness 10000) in paragraph at lines 300--317

 []

[9] [10

]
Chapter 2.
[11] [12

]
Chapter 3.
[13] [14

]
Chapter 4.
[15]
Overfull \hbox (1059.22433pt too wide) has occurred while \output is active
\OT1/cmr/m/n/12 16 \OT1/cmr/m/sl/12 CHAPTER 4.  OPEN LETTER TO NASA, GERRY RYAN
, BOB GELDOF, BILL GATES, BONO, STEVE JOBS, LARRY ELLISON, MICHAEL O' LEARY, ED
DIE JORDAN, RICHARD BRANSON, BURT RUTAN JOHN MAC CARMAC, PAUL ALLEN & MICHAEL J
ACKSON
 []

[16] [17] (./missiontomars.aux) ) 
Here is how much of TeX's memory you used:
 368 strings out of 95847
 4057 string characters out of 1195949
 52956 words of memory out of 1000001
 3364 multiletter control sequences out of 10000+50000
 9022 words of font info for 32 fonts, out of 500000 for 1000
 14 hyphenation exceptions out of 1000
 22i,7n,19p,398b,214s stack positions out of 1500i,500n,5000p,200000b,5000s

Output written on missiontomars.dvi (17 pages, 28460 bytes).
