This is TeX, Version 3.14159 (Web2C 7.4.5) (format=latex 2005.4.9)  12 MAR 2006 18:53
**nerds.tex
(./nerds.tex
LaTeX2e <2001/06/01>
Babel <v3.7h> and hyphenation patterns for american, french, german, ngerman, n
ohyphenation, loaded.
(/usr/share/texmf/tex/latex/base/book.cls
Document Class: book 2001/04/21 v1.4e Standard LaTeX document class
(/usr/share/texmf/tex/latex/base/bk12.clo
File: bk12.clo 2001/04/21 v1.4e Standard LaTeX file (size option)
)
\c@part=\count79
\c@chapter=\count80
\c@section=\count81
\c@subsection=\count82
\c@subsubsection=\count83
\c@paragraph=\count84
\c@subparagraph=\count85
\c@figure=\count86
\c@table=\count87
\abovecaptionskip=\skip41
\belowcaptionskip=\skip42
\bibindent=\dimen102
)
(/usr/share/texmf/tex/latex/html/url.sty
Package: url 1999/03/02  ver 1.4  Verb mode for urls, email addresses, and file
 names
)
(/usr/share/texmf/tex/latex/misc/eurosym.sty
Package: eurosym 1998/08/06 v1.1 European currency symbol ``Euro''
\@eurobox=\box26
) (./nerds.aux)
\openout1 = `nerds.aux'.

LaTeX Font Info:    Checking defaults for OML/cmm/m/it on input line 9.
LaTeX Font Info:    ... okay on input line 9.
LaTeX Font Info:    Checking defaults for T1/cmr/m/n on input line 9.
LaTeX Font Info:    ... okay on input line 9.
LaTeX Font Info:    Checking defaults for OT1/cmr/m/n on input line 9.
LaTeX Font Info:    ... okay on input line 9.
LaTeX Font Info:    Checking defaults for OMS/cmsy/m/n on input line 9.
LaTeX Font Info:    ... okay on input line 9.
LaTeX Font Info:    Checking defaults for OMX/cmex/m/n on input line 9.
LaTeX Font Info:    ... okay on input line 9.
LaTeX Font Info:    Checking defaults for U/cmr/m/n on input line 9.
LaTeX Font Info:    ... okay on input line 9.
 [0


]
LaTeX Font Info:    External font `cmex10' loaded for size
(Font)              <14.4> on input line 14.
LaTeX Font Info:    External font `cmex10' loaded for size
(Font)              <7> on input line 14.
 [1]
Underfull \hbox (badness 10000) in paragraph at lines 18--25

 []


Underfull \hbox (badness 10000) in paragraph at lines 18--25

 []


Underfull \hbox (badness 10000) in paragraph at lines 18--25

 []


Underfull \hbox (badness 10000) in paragraph at lines 18--25

 []


Underfull \hbox (badness 10000) in paragraph at lines 18--25

 []


Underfull \hbox (badness 10000) in paragraph at lines 18--25

 []


Underfull \hbox (badness 10000) in paragraph at lines 18--25

 []


Underfull \hbox (badness 10000) in paragraph at lines 18--25

 []


Underfull \hbox (badness 10000) in paragraph at lines 18--25

 []


Underfull \hbox (badness 10000) in paragraph at lines 18--25

 []


Underfull \hbox (badness 10000) in paragraph at lines 18--25

 []


Underfull \hbox (badness 10000) in paragraph at lines 18--25

 []


Underfull \hbox (badness 10000) in paragraph at lines 18--25

 []


Underfull \hbox (badness 10000) in paragraph at lines 18--25

 []


Underfull \hbox (badness 10000) in paragraph at lines 18--25

 []


Underfull \hbox (badness 10000) in paragraph at lines 18--25

 []


Underfull \hbox (badness 10000) in paragraph at lines 18--25

 []


Underfull \vbox (badness 10000) has occurred while \output is active []

 [2]
[3]
LaTeX Font Info:    Font shape `OT1/cmtt/bx/n' in size <12> not available
(Font)              Font shape `OT1/cmtt/m/n' tried instead on input line 123.
LaTeX Font Info:    External font `cmex10' loaded for size
(Font)              <12> on input line 123.
LaTeX Font Info:    External font `cmex10' loaded for size
(Font)              <8> on input line 123.
LaTeX Font Info:    External font `cmex10' loaded for size
(Font)              <6> on input line 123.
 [4] [5] [6

] (./nerds.toc [7] [8])
\tf@toc=\write3
\openout3 = `nerds.toc'.

 [9] [10

]
Chapter 1.
[11] [12]
Underfull \vbox (badness 2662) has occurred while \output is active []

 [13]
[14] [15] [16] [17] [18] [19] [20] [21] [22] [23] [24] [25]
Underfull \vbox (badness 10000) has occurred while \output is active []

 [26]
[27] [28] [29] [30

]
Chapter 2.
[31]
Overfull \hbox (1.31947pt too wide) in paragraph at lines 1125--1147
 [] \OT1/cmr/bx/n/12 Some-times strip-pers boast about the ex-tremely good nigh
ts when
 []

[32] [33] [34]
Overfull \hbox (0.16382pt too wide) in paragraph at lines 1311--1335
 [] \OT1/cmr/bx/n/12 I was long way from home, wel-come to my Plea-sure-Dome, W
inks,
 []

[35]
Overfull \hbox (6.18059pt too wide) in paragraph at lines 1348--1362
\OT1/cmr/bx/n/12 orig-i-nally from Suri-nam in South Amer-ica who moved to the 
Nether-
 []

[36] [37] [38] [39] [40] [41] [42]
Overfull \hbox (14.9891pt too wide) has occurred while \output is active
\OT1/cmr/m/sl/12 2.3.  DISCOVERING MYSELF FROM MY DEALINGS WITH STRIPPERS \OT1/
cmr/m/n/12 43
 []

[43] [44]
Chapter 3.
[45

]
Underfull \hbox (badness 10000) in paragraph at lines 1821--1887

 []


Underfull \hbox (badness 10000) in paragraph at lines 1821--1887

 []


Underfull \hbox (badness 10000) in paragraph at lines 1821--1887

 []


Underfull \hbox (badness 10000) in paragraph at lines 1821--1887

 []


Underfull \hbox (badness 10000) in paragraph at lines 1821--1887

 []


Underfull \hbox (badness 10000) in paragraph at lines 1821--1887

 []


Underfull \hbox (badness 10000) in paragraph at lines 1821--1887

 []


Underfull \hbox (badness 10000) in paragraph at lines 1821--1887

 []


Underfull \hbox (badness 10000) in paragraph at lines 1821--1887

 []


Underfull \hbox (badness 10000) in paragraph at lines 1821--1887

 []


Underfull \hbox (badness 10000) in paragraph at lines 1821--1887

 []


Underfull \hbox (badness 10000) in paragraph at lines 1821--1887

 []


Underfull \hbox (badness 10000) in paragraph at lines 1821--1887

 []


Underfull \hbox (badness 10000) in paragraph at lines 1821--1887

 []


Underfull \hbox (badness 10000) in paragraph at lines 1821--1887

 []


Underfull \hbox (badness 10000) in paragraph at lines 1821--1887

 []


Underfull \hbox (badness 10000) in paragraph at lines 1821--1887

 []


Underfull \hbox (badness 10000) in paragraph at lines 1821--1887

 []


Underfull \hbox (badness 10000) in paragraph at lines 1821--1887

 []


Underfull \hbox (badness 10000) in paragraph at lines 1821--1887

 []


Underfull \hbox (badness 10000) in paragraph at lines 1821--1887

 []

[46] [47]
Underfull \vbox (badness 10000) has occurred while \output is active []

 [48]
[49] [50

]
Chapter 4.
[51] [52] [53] [54] [55] [56

]
Chapter 5.
[57] [58] [59] [60] [61]
Underfull \hbox (badness 10000) in paragraph at lines 2410--2419

 []


Underfull \hbox (badness 10000) in paragraph at lines 2410--2419

 []


Underfull \hbox (badness 10000) in paragraph at lines 2410--2419

 []


Underfull \hbox (badness 10000) in paragraph at lines 2410--2419

 []


Underfull \hbox (badness 10000) in paragraph at lines 2420--2429

 []


Underfull \hbox (badness 10000) in paragraph at lines 2420--2429

 []


Underfull \hbox (badness 10000) in paragraph at lines 2420--2429

 []


Underfull \hbox (badness 10000) in paragraph at lines 2420--2429

 []

[62]
Underfull \hbox (badness 10000) in paragraph at lines 2446--2463

 []


Underfull \hbox (badness 10000) in paragraph at lines 2446--2463

 []


Underfull \hbox (badness 10000) in paragraph at lines 2479--2521

 []


Underfull \hbox (badness 10000) in paragraph at lines 2479--2521

 []


Underfull \hbox (badness 10000) in paragraph at lines 2479--2521

 []


Underfull \hbox (badness 10000) in paragraph at lines 2479--2521

 []

[63] [64] [65] [66]
Overfull \hbox (4.29707pt too wide) in paragraph at lines 2651--2658
 [] \OT1/cmr/bx/n/12 To let the wait-ers know I was a Hitler, I took a glass of
 apfelschorle
 []

[67] [68] [69] [70] [71] [72]
Chapter 6.
[73

] [74] [75]
Underfull \hbox (badness 10000) in paragraph at lines 3058--3094

 []


Underfull \hbox (badness 10000) in paragraph at lines 3058--3094

 []


Underfull \hbox (badness 10000) in paragraph at lines 3058--3094

 []


Underfull \hbox (badness 10000) in paragraph at lines 3058--3094

 []


Underfull \hbox (badness 10000) in paragraph at lines 3058--3094

 []


Underfull \hbox (badness 10000) in paragraph at lines 3058--3094

 []


Underfull \hbox (badness 10000) in paragraph at lines 3058--3094

 []


Underfull \hbox (badness 10000) in paragraph at lines 3058--3094

 []


Underfull \hbox (badness 10000) in paragraph at lines 3058--3094

 []

[76] [77] [78] [79] [80] [81] [82] [83] [84] [85]
Underfull \hbox (badness 10000) in paragraph at lines 3559--3580

 []


Underfull \hbox (badness 10000) in paragraph at lines 3559--3580

 []


Underfull \hbox (badness 10000) in paragraph at lines 3559--3580

 []


Underfull \hbox (badness 10000) in paragraph at lines 3559--3580

 []

[86] [87] [88

]
Chapter 7.

Overfull \hbox (5.87906pt too wide) in paragraph at lines 3608--3617
 [] \OT1/cmr/bx/n/12 The date is Oc-to-ber 19 2005 I am cur-rently in Unit 3, S
t. Stephens
 []

[89] [90] [91]
Underfull \vbox (badness 2662) has occurred while \output is active []

 [92]
[93] [94]
Underfull \hbox (badness 10000) in paragraph at lines 3918--3928

 []


Underfull \hbox (badness 10000) in paragraph at lines 3918--3928

 []


Underfull \hbox (badness 10000) in paragraph at lines 3918--3928

 []


Underfull \hbox (badness 10000) in paragraph at lines 3918--3928

 []


Underfull \hbox (badness 10000) in paragraph at lines 3918--3928

 []

[95]
Underfull \hbox (badness 10000) in paragraph at lines 3960--3996

 []


Underfull \hbox (badness 10000) in paragraph at lines 3960--3996

 []


Underfull \hbox (badness 10000) in paragraph at lines 3960--3996

 []


Underfull \hbox (badness 10000) in paragraph at lines 3960--3996

 []


Underfull \hbox (badness 10000) in paragraph at lines 3960--3996

 []


Underfull \hbox (badness 10000) in paragraph at lines 3960--3996

 []


Underfull \hbox (badness 10000) in paragraph at lines 3960--3996

 []


Underfull \hbox (badness 10000) in paragraph at lines 3960--3996

 []

[96]
Underfull \hbox (badness 10000) in paragraph at lines 4018--4043

 []


Underfull \hbox (badness 10000) in paragraph at lines 4018--4043

 []

[97] [98]
Chapter 8.
[99

] [100]
Overfull \hbox (7.38611pt too wide) in paragraph at lines 4177--4210
 [] \OT1/cmr/bx/n/12 If you want to keep life sim-ple with re-gard to ac-count-
ing headaches
 []

[101] [102] [103] [104] [105] [106

]
Chapter 9.
[107]
Underfull \hbox (badness 10000) in paragraph at lines 4496--4532

 []


Underfull \hbox (badness 10000) in paragraph at lines 4496--4532

 []


Underfull \hbox (badness 10000) in paragraph at lines 4496--4532

 []


Underfull \hbox (badness 10000) in paragraph at lines 4496--4532

 []


Underfull \hbox (badness 10000) in paragraph at lines 4496--4532

 []


Underfull \hbox (badness 10000) in paragraph at lines 4496--4532

 []


Overfull \hbox (17.8335pt too wide) has occurred while \output is active
\OT1/cmr/m/n/12 108 \OT1/cmr/m/sl/12 CHAPTER 9.  EVALUATION OF MY EXPERIENCE WI
TH MY ANGELS
 []

[108]
Overfull \hbox (4.89064pt too wide) has occurred while \output is active
\OT1/cmr/m/sl/12 9.2.  OMENS & THE DANGERS OF TAKING THEM TOO SERIOUSLY \OT1/cm
r/m/n/12 109
 []

[109]
Overfull \hbox (17.8335pt too wide) has occurred while \output is active
\OT1/cmr/m/n/12 110 \OT1/cmr/m/sl/12 CHAPTER 9.  EVALUATION OF MY EXPERIENCE WI
TH MY ANGELS
 []

[110]
Overfull \hbox (4.89064pt too wide) has occurred while \output is active
\OT1/cmr/m/sl/12 9.2.  OMENS & THE DANGERS OF TAKING THEM TOO SERIOUSLY \OT1/cm
r/m/n/12 111
 []

[111]
Overfull \hbox (17.8335pt too wide) has occurred while \output is active
\OT1/cmr/m/n/12 112 \OT1/cmr/m/sl/12 CHAPTER 9.  EVALUATION OF MY EXPERIENCE WI
TH MY ANGELS
 []

[112

]
Chapter 10.
[113] [114

]
Chapter 11.

Underfull \hbox (badness 10000) in paragraph at lines 4708--4742

 []


Underfull \hbox (badness 10000) in paragraph at lines 4708--4742

 []


Underfull \hbox (badness 10000) in paragraph at lines 4708--4742

 []


Underfull \hbox (badness 10000) in paragraph at lines 4708--4742

 []


Underfull \hbox (badness 10000) in paragraph at lines 4708--4742

 []


Underfull \hbox (badness 10000) in paragraph at lines 4708--4742

 []


Underfull \hbox (badness 10000) in paragraph at lines 4708--4742

 []


Underfull \hbox (badness 10000) in paragraph at lines 4708--4742

 []


Underfull \hbox (badness 10000) in paragraph at lines 4708--4742

 []


Underfull \hbox (badness 10000) in paragraph at lines 4708--4742

 []


Underfull \vbox (badness 1769) has occurred while \output is active []

 [115]
[116]
Chapter 12.

Underfull \hbox (badness 10000) in paragraph at lines 4760--4777

 []


Overfull \hbox (9.50421pt too wide) in paragraph at lines 4782--4788
 [] \OT1/cmr/bx/n/12 Lie flat put your toes point-ing down-wards next to a wall
, straighten
 []

[117

] [118]
Overfull \hbox (2.79446pt too wide) in paragraph at lines 4843--4851
 [] \OT1/cmr/bx/n/12 Leg strength-en-ing ex-er-cise Stand up-right now put one 
leg straight
 []


Overfull \hbox (0.73198pt too wide) in paragraph at lines 4869--4873
\OT1/cmr/bx/n/12 of equip-ment around to prac-tice Gym-nas-tics, Som-er-saults 
on Tram-
 []

[119] [120

]
Chapter 13.
[121]
Overfull \hbox (0.79027pt too wide) in paragraph at lines 4931--4952
 [] \OT1/cmr/bx/n/12 The Schroedinger Cat thought ex-per-i-ment was orig-i-nall
y thought
 []


Overfull \hbox (35.56615pt too wide) has occurred while \output is active
\OT1/cmr/m/n/12 122 \OT1/cmr/m/sl/12 CHAPTER 13.  CONSCIOUSNESS, MADNESS, SCIEN
CE & SPIRITUALITY
 []

[122] [123]
Overfull \hbox (35.56615pt too wide) has occurred while \output is active
\OT1/cmr/m/n/12 124 \OT1/cmr/m/sl/12 CHAPTER 13.  CONSCIOUSNESS, MADNESS, SCIEN
CE & SPIRITUALITY
 []

[124] [125]
Overfull \hbox (35.56615pt too wide) has occurred while \output is active
\OT1/cmr/m/n/12 126 \OT1/cmr/m/sl/12 CHAPTER 13.  CONSCIOUSNESS, MADNESS, SCIEN
CE & SPIRITUALITY
 []

[126] [127]
Overfull \hbox (35.56615pt too wide) has occurred while \output is active
\OT1/cmr/m/n/12 128 \OT1/cmr/m/sl/12 CHAPTER 13.  CONSCIOUSNESS, MADNESS, SCIEN
CE & SPIRITUALITY
 []

[128] [129]
Underfull \vbox (badness 2662) has occurred while \output is active []


Overfull \hbox (35.56615pt too wide) has occurred while \output is active
\OT1/cmr/m/n/12 130 \OT1/cmr/m/sl/12 CHAPTER 13.  CONSCIOUSNESS, MADNESS, SCIEN
CE & SPIRITUALITY
 []

[130] [131]
Overfull \hbox (35.56615pt too wide) has occurred while \output is active
\OT1/cmr/m/n/12 132 \OT1/cmr/m/sl/12 CHAPTER 13.  CONSCIOUSNESS, MADNESS, SCIEN
CE & SPIRITUALITY
 []

[132

]
Chapter 14.

Underfull \hbox (badness 10000) in paragraph at lines 5413--5446

 []


Underfull \hbox (badness 10000) in paragraph at lines 5413--5446

 []


Underfull \hbox (badness 10000) in paragraph at lines 5413--5446

 []


Underfull \hbox (badness 10000) in paragraph at lines 5413--5446

 []


Underfull \hbox (badness 10000) in paragraph at lines 5413--5446

 []

[133]
Overfull \hbox (0.39781pt too wide) in paragraph at lines 5461--5461
[]\OT1/cmr/bx/n/17.28 Going to Mars, the fu-ture of space travel 
 []

[134] [135] [136] [137] [138] [139]
Underfull \hbox (badness 10000) in paragraph at lines 5746--5792

 []


Underfull \hbox (badness 10000) in paragraph at lines 5746--5792

 []


Underfull \hbox (badness 10000) in paragraph at lines 5746--5792

 []


Underfull \hbox (badness 10000) in paragraph at lines 5746--5792

 []


Underfull \hbox (badness 10000) in paragraph at lines 5746--5792

 []


Underfull \hbox (badness 10000) in paragraph at lines 5746--5792

 []


Underfull \hbox (badness 10000) in paragraph at lines 5746--5792

 []


Underfull \hbox (badness 10000) in paragraph at lines 5746--5792

 []


Underfull \hbox (badness 10000) in paragraph at lines 5746--5792

 []


Overfull \hbox (6.43909pt too wide) in paragraph at lines 5746--5792
\OT1/cmtt/m/n/12 http : / / gltrs . grc . nasa . gov / reports / 2003 / TM-[]20
03-[]212227 . pdf$ \OT1/cmr/bx/n/12 Here is
 []

[140]
Underfull \hbox (badness 10000) in paragraph at lines 5794--5799

 []


Underfull \hbox (badness 10000) in paragraph at lines 5794--5799

 []


Underfull \hbox (badness 10000) in paragraph at lines 5794--5799

 []


Underfull \hbox (badness 10000) in paragraph at lines 5794--5799

 []


Underfull \hbox (badness 10000) in paragraph at lines 5801--5811

 []

[141]
Underfull \hbox (badness 10000) in paragraph at lines 5813--5834

 []


Underfull \hbox (badness 10000) in paragraph at lines 5813--5834

 []


Underfull \hbox (badness 10000) in paragraph at lines 5813--5834

 []


Underfull \hbox (badness 10000) in paragraph at lines 5813--5834

 []


Underfull \hbox (badness 10000) in paragraph at lines 5813--5834

 []


Underfull \hbox (badness 10000) in paragraph at lines 5813--5834

 []


Underfull \hbox (badness 10000) in paragraph at lines 5813--5834

 []


Underfull \hbox (badness 10000) in paragraph at lines 5813--5834

 []


Underfull \vbox (badness 10000) has occurred while \output is active []

 [142]
Overfull \hbox (2.3792pt too wide) in paragraph at lines 5875--5893
 [] \OT1/cmr/bx/n/12 Rock-ets have their lim-i-ta-tions, the al-ter-na-tive of 
rid-ing the shock-
 []

[143] [144] [145] [146] [147]
Overfull \hbox (6.0736pt too wide) in paragraph at lines 6106--6111
 [] \OT1/cmr/bx/n/12 In-ter-op-er-abil-ity be-tween mod-ules ( i.e. speech reco
g-ni-tion, speech
 []

[148]
Overfull \hbox (3.9931pt too wide) in paragraph at lines 6188--6205
\OT1/cmr/bx/n/12 for ad-vise on sim-pli-fied En-glish. Web ac-cess from www.wea
ther.com
 []

[149] [150] [151] [152]
Underfull \vbox (badness 4168) has occurred while \output is active []

 [153]
[154] [155] [156

]
Chapter 15.
[157] [158]
Overfull \hbox (3.20555pt too wide) in paragraph at lines 6645--6649
 [] $\OT1/cmtt/m/n/12 http : / / www . suse . com$ \OT1/cmr/bx/n/12 in-stall Li
nux on your PC Stop wast-ing money
 []

[159]
Overfull \hbox (3.88208pt too wide) in paragraph at lines 6679--6681
 [] \OT1/cmr/bx/n/12 For more in-ter-est-ing links go to $\OT1/cmtt/m/n/12 http
 : /www . ariasoft . ie / bookmarks .
 []

[160]
Chapter 16.

Overfull \hbox (20.47653pt too wide) in paragraph at lines 6682--6689
\OT1/cmtt/m/n/12 http : / / www . ariasoft . ie / gplcontributions . html$ \OT1
/cmr/bx/n/12 there are projects there
 []


Underfull \hbox (badness 10000) in paragraph at lines 6708--6727

 []


Underfull \hbox (badness 10000) in paragraph at lines 6708--6727

 []


Underfull \hbox (badness 10000) in paragraph at lines 6708--6727

 []


Underfull \hbox (badness 10000) in paragraph at lines 6708--6727

 []


Underfull \hbox (badness 10000) in paragraph at lines 6708--6727

 []


Underfull \hbox (badness 10000) in paragraph at lines 6708--6727

 []

[161

]
Underfull \hbox (badness 10000) in paragraph at lines 6729--6744

 []


Underfull \hbox (badness 10000) in paragraph at lines 6729--6744

 []

[162]
Chapter 17.

Underfull \hbox (badness 10000) in paragraph at lines 6747--6751

 []

[163

] (./nerds.aux) ) 
Here is how much of TeX's memory you used:
 378 strings out of 95847
 4104 string characters out of 1195949
 52956 words of memory out of 1000001
 3369 multiletter control sequences out of 10000+50000
 10399 words of font info for 37 fonts, out of 500000 for 1000
 14 hyphenation exceptions out of 1000
 22i,6n,19p,156b,213s stack positions out of 1500i,500n,5000p,200000b,5000s

Output written on nerds.dvi (164 pages, 415540 bytes).
